3 7 31 127 8191 131071 524287 2147483647 
My exam number is: 011240012325163 7 31 127 8191 131071 524287 2147483647 
My exam number is: 011240012325163 7 31 127 8191 131071 524287 2147483647 
My exam number is: 011240012325163 7 31 127 8191 131071 524287 2147483647 
My exam number is: 01124001232516
3 7 31 127 8191 131071 524287 2147483647 
My exam number is: 01124001232516
3 7 31 127 8191 131071 524287 2147483647 
My exam number is: 01124001232516
3 7 31 127 8191 131071 524287 2147483647 
My exam number is: 01124001232516
3 7 31 127 8191 131071 524287 2147483647 
My exam number is: 01124001232516
3 7 31 127 8191 131071 524287 2147483647 
My exam number is: 01124001232516
3 7 31 127 8191 131071 524287 2147483647 
My exam number is: 01124001232516
3 7 31 127 8191 131071 524287 2147483647 
My exam number is: 01124001232516
3 7 31 127 8191 131071 524287 2147483647 
My exam number is: 01124001232516
3 7 31 127 8191 131071 524287 2147483647 
My exam number is: 01124001232516
